
Showing logs for build [32mcb-kubecd-environment-pr-162-5-tqlzc-1[0m stage [32mfrom-build-pack[0m and container [32mstep-credential-initializer-rj9w7[0m
{"level":"warn","ts":1582004795.8221903,"logger":"fallback-logger","caller":"logging/config.go:69","msg":"Fetch GitHub commit ID from kodata failed: \"ref: refs/heads/0.8.0-**-support-backwards-incompats\" is not a valid GitHub commit ID"}
{"level":"info","ts":1582004795.822932,"logger":"fallback-logger","caller":"creds-init/main.go:40","msg":"Credentials initialized."}

Showing logs for build [32mcb-kubecd-environment-pr-162-5-tqlzc-1[0m stage [32mfrom-build-pack[0m and container [32mstep-working-dir-initializer-l8xsb[0m
{"level":"warn","ts":1582004796.3776896,"logger":"fallback-logger","caller":"logging/config.go:69","msg":"Fetch GitHub commit ID from kodata failed: open /var/run/ko/HEAD: no such file or directory"}
{"level":"info","ts":1582004796.3798702,"logger":"fallback-logger","caller":"bash/main.go:64","msg":"Successfully executed command \"sh -c mkdir -p /workspace/source\"; output "}

Showing logs for build [32mcb-kubecd-environment-pr-162-5-tqlzc-1[0m stage [32mfrom-build-pack[0m and container [32mstep-place-tools[0m

Showing logs for build [32mcb-kubecd-environment-pr-162-5-tqlzc-1[0m stage [32mfrom-build-pack[0m and container [32mstep-git-source-cb-kubecd-environment-pr-162-5-tqlzc-4xxq7[0m
{"level":"warn","ts":1582004801.5435758,"logger":"fallback-logger","caller":"logging/config.go:69","msg":"Fetch GitHub commit ID from kodata failed: \"ref: refs/heads/0.8.0-**-support-backwards-incompats\" is not a valid GitHub commit ID"}
{"level":"info","ts":1582004802.6905015,"logger":"fallback-logger","caller":"git/git.go:103","msg":"Successfully cloned https://github.com/cb-kubecd/environment-pr-162-5-boot-gke-staging.git @ master in path /workspace/source"}

Showing logs for build [32mcb-kubecd-environment-pr-162-5-tqlzc-1[0m stage [32mfrom-build-pack[0m and container [32mstep-git-merge[0m
Using SHAs from PULL_REFS=master:f20efc59e9f7bb44c5aad9d34d164af11a69bd99,8:520cafd31fd3ce0e3577ad9dc36d69290ce86c0e
DEBUG: LC_ALL=C JX_LOG_LEVEL=error git fetch origin --unshallow 520cafd31fd3ce0e3577ad9dc36d69290ce86c0e: f20efc59e9f7bb44c5aad9d34d164af11a69bd99:
DEBUG: ran git fetch --unshallow origin 520cafd31fd3ce0e3577ad9dc36d69290ce86c0e: f20efc59e9f7bb44c5aad9d34d164af11a69bd99: in 
DEBUG: LC_ALL=C JX_LOG_LEVEL=error git branch
DEBUG: LC_ALL=C JX_LOG_LEVEL=error git checkout master
DEBUG: ran git checkout master in 
DEBUG: LC_ALL=C JX_LOG_LEVEL=error git reset --hard f20efc59e9f7bb44c5aad9d34d164af11a69bd99
DEBUG: ran git reset --hard f20efc59e9f7bb44c5aad9d34d164af11a69bd99 in 
DEBUG: LC_ALL=C JX_LOG_LEVEL=error git clean -fd .
DEBUG: ran clean --force -d . in 
DEBUG: LC_ALL=C JX_LOG_LEVEL=error git merge 520cafd31fd3ce0e3577ad9dc36d69290ce86c0e
DEBUG: ran git merge 520cafd31fd3ce0e3577ad9dc36d69290ce86c0e in 
DEBUG: JX_LOG_LEVEL=error LC_ALL=C git log --format=%H%x1f%an%x1f%ae%x1f%cn%x1f%ce%x1f%s%n%b%x1e f20efc59e9f7bb44c5aad9d34d164af11a69bd99..HEAD
Merged SHA 520cafd31fd3ce0e3577ad9dc36d69290ce86c0e with commit message 'chore: Promote bdd-sbhg-import-1582003061 to version 0.0.1' into base branch master

Showing logs for build [32mcb-kubecd-environment-pr-162-5-tqlzc-1[0m stage [32mfrom-build-pack[0m and container [32mstep-build-helm-build[0m
WARNING: No $CHART_REPOSITORY defined so using the default value of: http://jenkins-x-chartmuseum:8080
Adding missing Helm repo: storage.googleapis.com https://storage.googleapis.com/chartmuseum.jenkins-x.io
WARNING: No secrets found on "helm/repos" due: reading the secret "helm/repos" from vault: no secret "helm/repos" not found in vault
Read credentials for https://storage.googleapis.com/chartmuseum.jenkins-x.io from vault helm/repos
Successfully added Helm repository storage.googleapis.com.
Adding missing Helm repo: jenkins-x-chartmuseum http://jenkins-x-chartmuseum:8080
WARNING: No secrets found on "helm/repos" due: reading the secret "helm/repos" from vault: no secret "helm/repos" not found in vault
Read credentials for http://jenkins-x-chartmuseum:8080 from vault helm/repos
Successfully added Helm repository jenkins-x-chartmuseum.
WARNING: No $CHART_REPOSITORY defined so using the default value of: http://jenkins-x-chartmuseum:8080
Adding missing Helm repo: chartmuseum.jenkins-x.io http://chartmuseum.jenkins-x.io
WARNING: No secrets found on "helm/repos" due: reading the secret "helm/repos" from vault: no secret "helm/repos" not found in vault
Read credentials for http://chartmuseum.jenkins-x.io from vault helm/repos
Successfully added Helm repository chartmuseum.jenkins-x.io.
