
Showing logs for build [32mcb-kubecd-environment-pr-162-5-2rfpl-1[0m stage [32mfrom-build-pack[0m and container [32mstep-credential-initializer-v9w4t[0m
{"level":"warn","ts":1582000140.7378225,"logger":"fallback-logger","caller":"logging/config.go:69","msg":"Fetch GitHub commit ID from kodata failed: \"ref: refs/heads/0.8.0-**-support-backwards-incompats\" is not a valid GitHub commit ID"}
{"level":"info","ts":1582000140.7386422,"logger":"fallback-logger","caller":"creds-init/main.go:40","msg":"Credentials initialized."}

Showing logs for build [32mcb-kubecd-environment-pr-162-5-2rfpl-1[0m stage [32mfrom-build-pack[0m and container [32mstep-working-dir-initializer-xpx8k[0m
{"level":"warn","ts":1582000141.6601079,"logger":"fallback-logger","caller":"logging/config.go:69","msg":"Fetch GitHub commit ID from kodata failed: open /var/run/ko/HEAD: no such file or directory"}
{"level":"info","ts":1582000141.664253,"logger":"fallback-logger","caller":"bash/main.go:64","msg":"Successfully executed command \"sh -c mkdir -p /workspace/source\"; output "}

Showing logs for build [32mcb-kubecd-environment-pr-162-5-2rfpl-1[0m stage [32mfrom-build-pack[0m and container [32mstep-place-tools[0m

Showing logs for build [32mcb-kubecd-environment-pr-162-5-2rfpl-1[0m stage [32mfrom-build-pack[0m and container [32mstep-git-source-cb-kubecd-environment-pr-162-5-2rfpl-9gl6q[0m
{"level":"warn","ts":1582000169.7864313,"logger":"fallback-logger","caller":"logging/config.go:69","msg":"Fetch GitHub commit ID from kodata failed: \"ref: refs/heads/0.8.0-**-support-backwards-incompats\" is not a valid GitHub commit ID"}
{"level":"info","ts":1582000171.0213513,"logger":"fallback-logger","caller":"git/git.go:103","msg":"Successfully cloned https://github.com/cb-kubecd/environment-pr-162-5-boot-gke-staging.git @ master in path /workspace/source"}

Showing logs for build [32mcb-kubecd-environment-pr-162-5-2rfpl-1[0m stage [32mfrom-build-pack[0m and container [32mstep-git-merge[0m
Using SHAs from PULL_REFS=master:0dca6b3f22c03d890adb33d363f087dcda6369ec,1:4f6fe01b7be528487df32cc7b9b38eb6c57671da
DEBUG: LC_ALL=C JX_LOG_LEVEL=error git fetch origin --unshallow 4f6fe01b7be528487df32cc7b9b38eb6c57671da: 0dca6b3f22c03d890adb33d363f087dcda6369ec:
DEBUG: ran git fetch --unshallow origin 4f6fe01b7be528487df32cc7b9b38eb6c57671da: 0dca6b3f22c03d890adb33d363f087dcda6369ec: in 
DEBUG: LC_ALL=C JX_LOG_LEVEL=error git branch
DEBUG: LC_ALL=C JX_LOG_LEVEL=error git checkout master
DEBUG: ran git checkout master in 
DEBUG: LC_ALL=C JX_LOG_LEVEL=error git reset --hard 0dca6b3f22c03d890adb33d363f087dcda6369ec
DEBUG: ran git reset --hard 0dca6b3f22c03d890adb33d363f087dcda6369ec in 
DEBUG: JX_LOG_LEVEL=error LC_ALL=C git clean -fd .
DEBUG: ran clean --force -d . in 
DEBUG: LC_ALL=C JX_LOG_LEVEL=error git merge 4f6fe01b7be528487df32cc7b9b38eb6c57671da
DEBUG: ran git merge 4f6fe01b7be528487df32cc7b9b38eb6c57671da in 
DEBUG: LC_ALL=C JX_LOG_LEVEL=error git log --format=%H%x1f%an%x1f%ae%x1f%cn%x1f%ce%x1f%s%n%b%x1e 0dca6b3f22c03d890adb33d363f087dcda6369ec..HEAD
Merged SHA 4f6fe01b7be528487df32cc7b9b38eb6c57671da with commit message 'chore: Promote bdd-spring-1581999764 to version 0.0.1' into base branch master

Showing logs for build [32mcb-kubecd-environment-pr-162-5-2rfpl-1[0m stage [32mfrom-build-pack[0m and container [32mstep-build-helm-build[0m
WARNING: No $CHART_REPOSITORY defined so using the default value of: http://jenkins-x-chartmuseum:8080
Adding missing Helm repo: storage.googleapis.com https://storage.googleapis.com/chartmuseum.jenkins-x.io
WARNING: No secrets found on "helm/repos" due: reading the secret "helm/repos" from vault: no secret "helm/repos" not found in vault
Read credentials for https://storage.googleapis.com/chartmuseum.jenkins-x.io from vault helm/repos
Successfully added Helm repository storage.googleapis.com.
Adding missing Helm repo: jenkins-x-chartmuseum http://jenkins-x-chartmuseum:8080
WARNING: No secrets found on "helm/repos" due: reading the secret "helm/repos" from vault: no secret "helm/repos" not found in vault
Read credentials for http://jenkins-x-chartmuseum:8080 from vault helm/repos
Successfully added Helm repository jenkins-x-chartmuseum.
WARNING: No $CHART_REPOSITORY defined so using the default value of: http://jenkins-x-chartmuseum:8080
Adding missing Helm repo: chartmuseum.jenkins-x.io http://chartmuseum.jenkins-x.io
WARNING: No secrets found on "helm/repos" due: reading the secret "helm/repos" from vault: no secret "helm/repos" not found in vault
Read credentials for http://chartmuseum.jenkins-x.io from vault helm/repos
Successfully added Helm repository chartmuseum.jenkins-x.io.
