
Showing logs for build [32mcb-kubecd-environment-pr-162-5-fq4ng-1[0m stage [32mfrom-build-pack[0m and container [32mstep-credential-initializer-l5r96[0m
{"level":"warn","ts":1582001852.5219126,"logger":"fallback-logger","caller":"logging/config.go:69","msg":"Fetch GitHub commit ID from kodata failed: \"ref: refs/heads/0.8.0-**-support-backwards-incompats\" is not a valid GitHub commit ID"}
{"level":"info","ts":1582001852.5232832,"logger":"fallback-logger","caller":"creds-init/main.go:40","msg":"Credentials initialized."}

Showing logs for build [32mcb-kubecd-environment-pr-162-5-fq4ng-1[0m stage [32mfrom-build-pack[0m and container [32mstep-working-dir-initializer-n7f7g[0m
{"level":"warn","ts":1582001853.5045092,"logger":"fallback-logger","caller":"logging/config.go:69","msg":"Fetch GitHub commit ID from kodata failed: open /var/run/ko/HEAD: no such file or directory"}
{"level":"info","ts":1582001853.5099142,"logger":"fallback-logger","caller":"bash/main.go:64","msg":"Successfully executed command \"sh -c mkdir -p /workspace/source\"; output "}

Showing logs for build [32mcb-kubecd-environment-pr-162-5-fq4ng-1[0m stage [32mfrom-build-pack[0m and container [32mstep-place-tools[0m

Showing logs for build [32mcb-kubecd-environment-pr-162-5-fq4ng-1[0m stage [32mfrom-build-pack[0m and container [32mstep-git-source-cb-kubecd-environment-pr-162-5-fq4ng-m57lq[0m
{"level":"warn","ts":1582001858.6572616,"logger":"fallback-logger","caller":"logging/config.go:69","msg":"Fetch GitHub commit ID from kodata failed: \"ref: refs/heads/0.8.0-**-support-backwards-incompats\" is not a valid GitHub commit ID"}
{"level":"info","ts":1582001859.8041298,"logger":"fallback-logger","caller":"git/git.go:103","msg":"Successfully cloned https://github.com/cb-kubecd/environment-pr-162-5-boot-gke-staging.git @ master in path /workspace/source"}

Showing logs for build [32mcb-kubecd-environment-pr-162-5-fq4ng-1[0m stage [32mfrom-build-pack[0m and container [32mstep-git-merge[0m
Using SHAs from PULL_REFS=master:2cf1b80d6a38dcfc749632187c6ee1cf7be1938c,3:2d2ea6d6efa64258ef4babcbf0510382eb5915c4
DEBUG: JX_LOG_LEVEL=error LC_ALL=C git fetch origin --unshallow 2d2ea6d6efa64258ef4babcbf0510382eb5915c4: 2cf1b80d6a38dcfc749632187c6ee1cf7be1938c:
DEBUG: ran git fetch --unshallow origin 2d2ea6d6efa64258ef4babcbf0510382eb5915c4: 2cf1b80d6a38dcfc749632187c6ee1cf7be1938c: in 
DEBUG: LC_ALL=C JX_LOG_LEVEL=error git branch
DEBUG: LC_ALL=C JX_LOG_LEVEL=error git checkout master
DEBUG: ran git checkout master in 
DEBUG: JX_LOG_LEVEL=error LC_ALL=C git reset --hard 2cf1b80d6a38dcfc749632187c6ee1cf7be1938c
DEBUG: ran git reset --hard 2cf1b80d6a38dcfc749632187c6ee1cf7be1938c in 
DEBUG: LC_ALL=C JX_LOG_LEVEL=error git clean -fd .
DEBUG: ran clean --force -d . in 
DEBUG: LC_ALL=C JX_LOG_LEVEL=error git merge 2d2ea6d6efa64258ef4babcbf0510382eb5915c4
DEBUG: ran git merge 2d2ea6d6efa64258ef4babcbf0510382eb5915c4 in 
DEBUG: LC_ALL=C JX_LOG_LEVEL=error git log --format=%H%x1f%an%x1f%ae%x1f%cn%x1f%ce%x1f%s%n%b%x1e 2cf1b80d6a38dcfc749632187c6ee1cf7be1938c..HEAD
Merged SHA 2d2ea6d6efa64258ef4babcbf0510382eb5915c4 with commit message 'chore: Promote bdd-sbhg-1582000918 to version 0.0.1' into base branch master

Showing logs for build [32mcb-kubecd-environment-pr-162-5-fq4ng-1[0m stage [32mfrom-build-pack[0m and container [32mstep-build-helm-build[0m
WARNING: No $CHART_REPOSITORY defined so using the default value of: http://jenkins-x-chartmuseum:8080
Adding missing Helm repo: storage.googleapis.com https://storage.googleapis.com/chartmuseum.jenkins-x.io
WARNING: No secrets found on "helm/repos" due: reading the secret "helm/repos" from vault: no secret "helm/repos" not found in vault
Read credentials for https://storage.googleapis.com/chartmuseum.jenkins-x.io from vault helm/repos
Successfully added Helm repository storage.googleapis.com.
Adding missing Helm repo: jenkins-x-chartmuseum http://jenkins-x-chartmuseum:8080
WARNING: No secrets found on "helm/repos" due: reading the secret "helm/repos" from vault: no secret "helm/repos" not found in vault
Read credentials for http://jenkins-x-chartmuseum:8080 from vault helm/repos
Successfully added Helm repository jenkins-x-chartmuseum.
WARNING: No $CHART_REPOSITORY defined so using the default value of: http://jenkins-x-chartmuseum:8080
Adding missing Helm repo: chartmuseum.jenkins-x.io http://chartmuseum.jenkins-x.io
WARNING: No secrets found on "helm/repos" due: reading the secret "helm/repos" from vault: no secret "helm/repos" not found in vault
Read credentials for http://chartmuseum.jenkins-x.io from vault helm/repos
Successfully added Helm repository chartmuseum.jenkins-x.io.
